<?xml version="1.0" encoding="UTF-8"?>
<coverage generated="1654064635372" clover="3.2.0">
  <project timestamp="1654064635372" name="All files">
    <metrics statements="145" coveredstatements="145" conditionals="62" coveredconditionals="62" methods="31" coveredmethods="31" elements="238" coveredelements="238" complexity="0" loc="145" ncloc="145" packages="1" files="1" classes="1"/>
    <file name="app.js" path="/home/carlosmedeiros/misc/nasa-rover/src/app.js">
      <metrics statements="145" coveredstatements="145" conditionals="62" coveredconditionals="62" methods="31" coveredmethods="31"/>
      <line num="3" count="3" type="stmt"/>
      <line num="4" count="1" type="stmt"/>
      <line num="38" count="3" type="stmt"/>
      <line num="69" count="2" type="stmt"/>
      <line num="70" count="2" type="stmt"/>
      <line num="71" count="1" type="stmt"/>
      <line num="73" count="1" type="stmt"/>
      <line num="78" count="6" type="stmt"/>
      <line num="81" count="5" type="stmt"/>
      <line num="82" count="5" type="stmt"/>
      <line num="83" count="9" type="stmt"/>
      <line num="84" count="8" type="stmt"/>
      <line num="85" count="8" type="stmt"/>
      <line num="86" count="8" type="stmt"/>
      <line num="87" count="8" type="stmt"/>
      <line num="89" count="4" type="stmt"/>
      <line num="92" count="9" type="stmt"/>
      <line num="95" count="9" type="stmt"/>
      <line num="96" count="9" type="stmt"/>
      <line num="97" count="9" type="stmt"/>
      <line num="105" count="23" type="stmt"/>
      <line num="106" count="23" type="stmt"/>
      <line num="113" count="9" type="stmt"/>
      <line num="116" count="85" type="cond" truecount="2" falsecount="0"/>
      <line num="117" count="85" type="cond" truecount="2" falsecount="0"/>
      <line num="118" count="85" type="stmt"/>
      <line num="119" count="85" type="cond" truecount="2" falsecount="0"/>
      <line num="120" count="85" type="cond" truecount="2" falsecount="0"/>
      <line num="124" count="86" type="cond" truecount="3" falsecount="0"/>
      <line num="127" count="41" type="stmt"/>
      <line num="128" count="41" type="stmt"/>
      <line num="130" count="45" type="stmt"/>
      <line num="131" count="45" type="stmt"/>
      <line num="135" count="46" type="stmt"/>
      <line num="136" count="46" type="stmt"/>
      <line num="137" count="46" type="cond" truecount="4" falsecount="0"/>
      <line num="139" count="14" type="stmt"/>
      <line num="140" count="14" type="stmt"/>
      <line num="142" count="9" type="stmt"/>
      <line num="143" count="9" type="stmt"/>
      <line num="145" count="14" type="stmt"/>
      <line num="146" count="14" type="stmt"/>
      <line num="148" count="9" type="stmt"/>
      <line num="149" count="9" type="stmt"/>
      <line num="151" count="46" type="stmt"/>
      <line num="154" count="48" type="cond" truecount="2" falsecount="0"/>
      <line num="155" count="47" type="stmt"/>
      <line num="156" count="47" type="stmt"/>
      <line num="157" count="47" type="stmt"/>
      <line num="159" count="1" type="stmt"/>
      <line num="163" count="50" type="cond" truecount="3" falsecount="0"/>
      <line num="166" count="48" type="stmt"/>
      <line num="167" count="48" type="stmt"/>
      <line num="170" count="43" type="cond" truecount="4" falsecount="0"/>
      <line num="172" count="11" type="cond" truecount="2" falsecount="0"/>
      <line num="174" count="7" type="stmt"/>
      <line num="175" count="7" type="stmt"/>
      <line num="177" count="4" type="stmt"/>
      <line num="178" count="4" type="stmt"/>
      <line num="180" count="11" type="stmt"/>
      <line num="182" count="9" type="cond" truecount="2" falsecount="0"/>
      <line num="184" count="5" type="stmt"/>
      <line num="185" count="5" type="stmt"/>
      <line num="187" count="4" type="stmt"/>
      <line num="188" count="4" type="stmt"/>
      <line num="190" count="9" type="stmt"/>
      <line num="192" count="10" type="cond" truecount="2" falsecount="0"/>
      <line num="194" count="5" type="stmt"/>
      <line num="195" count="5" type="stmt"/>
      <line num="197" count="5" type="stmt"/>
      <line num="198" count="5" type="stmt"/>
      <line num="200" count="10" type="stmt"/>
      <line num="202" count="13" type="cond" truecount="2" falsecount="0"/>
      <line num="204" count="5" type="stmt"/>
      <line num="205" count="5" type="stmt"/>
      <line num="207" count="8" type="stmt"/>
      <line num="208" count="8" type="stmt"/>
      <line num="210" count="13" type="stmt"/>
      <line num="212" count="43" type="stmt"/>
      <line num="215" count="56" type="stmt"/>
      <line num="216" count="56" type="stmt"/>
      <line num="219" count="11" type="stmt"/>
      <line num="220" count="66" type="stmt"/>
      <line num="221" count="396" type="cond" truecount="4" falsecount="0"/>
      <line num="222" count="10" type="stmt"/>
      <line num="228" count="115" type="cond" truecount="4" falsecount="0"/>
      <line num="230" count="35" type="stmt"/>
      <line num="231" count="35" type="stmt"/>
      <line num="233" count="25" type="stmt"/>
      <line num="234" count="25" type="stmt"/>
      <line num="236" count="25" type="stmt"/>
      <line num="237" count="25" type="stmt"/>
      <line num="239" count="30" type="stmt"/>
      <line num="240" count="30" type="stmt"/>
      <line num="242" count="115" type="stmt"/>
      <line num="245" count="11" type="stmt"/>
      <line num="246" count="11" type="stmt"/>
      <line num="247" count="11" type="stmt"/>
      <line num="248" count="9" type="stmt"/>
      <line num="251" count="10" type="stmt"/>
      <line num="252" count="10" type="stmt"/>
      <line num="253" count="86" type="stmt"/>
      <line num="257" count="13" type="stmt"/>
      <line num="258" count="13" type="cond" truecount="4" falsecount="0"/>
      <line num="259" count="1" type="stmt"/>
      <line num="261" count="12" type="stmt"/>
      <line num="264" count="13" type="stmt"/>
      <line num="265" count="13" type="cond" truecount="4" falsecount="0"/>
      <line num="266" count="3" type="stmt"/>
      <line num="268" count="10" type="stmt"/>
      <line num="271" count="11" type="cond" truecount="5" falsecount="0"/>
      <line num="276" count="10" type="stmt"/>
      <line num="278" count="1" type="stmt"/>
      <line num="280" count="10" type="stmt"/>
      <line num="283" count="88" type="cond" truecount="4" falsecount="0"/>
      <line num="287" count="86" type="stmt"/>
      <line num="289" count="2" type="stmt"/>
      <line num="291" count="86" type="stmt"/>
      <line num="294" count="15" type="cond" truecount="5" falsecount="0"/>
      <line num="296" count="10" type="stmt"/>
      <line num="297" count="10" type="stmt"/>
      <line num="299" count="1" type="stmt"/>
      <line num="300" count="1" type="stmt"/>
      <line num="302" count="1" type="stmt"/>
      <line num="303" count="1" type="stmt"/>
      <line num="305" count="1" type="stmt"/>
      <line num="306" count="1" type="stmt"/>
      <line num="308" count="2" type="stmt"/>
      <line num="310" count="13" type="stmt"/>
      <line num="313" count="14" type="stmt"/>
      <line num="314" count="14" type="stmt"/>
      <line num="315" count="87" type="stmt"/>
      <line num="316" count="87" type="stmt"/>
      <line num="317" count="630" type="stmt"/>
      <line num="319" count="14" type="stmt"/>
      <line num="322" count="39" type="stmt"/>
      <line num="325" count="40" type="stmt"/>
      <line num="326" count="240" type="stmt"/>
      <line num="327" count="40" type="stmt"/>
      <line num="328" count="40" type="stmt"/>
      <line num="329" count="240" type="stmt"/>
      <line num="330" count="240" type="stmt"/>
      <line num="331" count="1440" type="stmt"/>
      <line num="333" count="240" type="stmt"/>
      <line num="335" count="40" type="stmt"/>
    </file>
  </project>
</coverage>
