<?xml version="1.0" encoding="UTF-8"?>
<coverage generated="1654099172895" clover="3.2.0">
  <project timestamp="1654099172896" name="All files">
    <metrics statements="147" coveredstatements="147" conditionals="63" coveredconditionals="63" methods="31" coveredmethods="31" elements="241" coveredelements="241" complexity="0" loc="147" ncloc="147" packages="1" files="1" classes="1"/>
    <file name="app.js" path="/home/carlosmedeiros/misc/nasa-rover/src/app.js">
      <metrics statements="147" coveredstatements="147" conditionals="63" coveredconditionals="63" methods="31" coveredmethods="31"/>
      <line num="3" count="3" type="stmt"/>
      <line num="4" count="1" type="stmt"/>
      <line num="38" count="3" type="stmt"/>
      <line num="69" count="2" type="stmt"/>
      <line num="70" count="2" type="stmt"/>
      <line num="71" count="1" type="stmt"/>
      <line num="73" count="1" type="stmt"/>
      <line num="78" count="6" type="stmt"/>
      <line num="81" count="5" type="stmt"/>
      <line num="82" count="5" type="stmt"/>
      <line num="83" count="9" type="stmt"/>
      <line num="84" count="8" type="stmt"/>
      <line num="85" count="8" type="stmt"/>
      <line num="86" count="8" type="stmt"/>
      <line num="87" count="8" type="stmt"/>
      <line num="89" count="4" type="stmt"/>
      <line num="92" count="9" type="stmt"/>
      <line num="95" count="9" type="stmt"/>
      <line num="96" count="9" type="stmt"/>
      <line num="97" count="9" type="stmt"/>
      <line num="105" count="23" type="stmt"/>
      <line num="106" count="23" type="stmt"/>
      <line num="113" count="9" type="stmt"/>
      <line num="116" count="85" type="cond" truecount="2" falsecount="0"/>
      <line num="117" count="85" type="cond" truecount="2" falsecount="0"/>
      <line num="118" count="85" type="stmt"/>
      <line num="119" count="85" type="cond" truecount="2" falsecount="0"/>
      <line num="120" count="85" type="cond" truecount="2" falsecount="0"/>
      <line num="124" count="86" type="cond" truecount="3" falsecount="0"/>
      <line num="127" count="41" type="stmt"/>
      <line num="128" count="41" type="stmt"/>
      <line num="130" count="45" type="stmt"/>
      <line num="131" count="45" type="stmt"/>
      <line num="135" count="46" type="stmt"/>
      <line num="136" count="46" type="stmt"/>
      <line num="137" count="46" type="cond" truecount="4" falsecount="0"/>
      <line num="139" count="14" type="stmt"/>
      <line num="140" count="14" type="stmt"/>
      <line num="142" count="9" type="stmt"/>
      <line num="143" count="9" type="stmt"/>
      <line num="145" count="14" type="stmt"/>
      <line num="146" count="14" type="stmt"/>
      <line num="148" count="9" type="stmt"/>
      <line num="149" count="9" type="stmt"/>
      <line num="151" count="46" type="stmt"/>
      <line num="154" count="48" type="cond" truecount="2" falsecount="0"/>
      <line num="155" count="47" type="stmt"/>
      <line num="156" count="47" type="stmt"/>
      <line num="157" count="47" type="stmt"/>
      <line num="159" count="1" type="stmt"/>
      <line num="163" count="110" type="cond" truecount="3" falsecount="0"/>
      <line num="166" count="49" type="cond" truecount="2" falsecount="0"/>
      <line num="167" count="47" type="stmt"/>
      <line num="168" count="47" type="stmt"/>
      <line num="172" count="43" type="cond" truecount="4" falsecount="0"/>
      <line num="174" count="11" type="cond" truecount="2" falsecount="0"/>
      <line num="176" count="7" type="stmt"/>
      <line num="177" count="7" type="stmt"/>
      <line num="179" count="4" type="stmt"/>
      <line num="180" count="4" type="stmt"/>
      <line num="182" count="11" type="stmt"/>
      <line num="184" count="9" type="cond" truecount="2" falsecount="0"/>
      <line num="186" count="5" type="stmt"/>
      <line num="187" count="5" type="stmt"/>
      <line num="189" count="4" type="stmt"/>
      <line num="190" count="4" type="stmt"/>
      <line num="192" count="9" type="stmt"/>
      <line num="194" count="10" type="cond" truecount="2" falsecount="0"/>
      <line num="196" count="5" type="stmt"/>
      <line num="197" count="5" type="stmt"/>
      <line num="199" count="5" type="stmt"/>
      <line num="200" count="5" type="stmt"/>
      <line num="202" count="10" type="stmt"/>
      <line num="204" count="13" type="cond" truecount="2" falsecount="0"/>
      <line num="206" count="5" type="stmt"/>
      <line num="207" count="5" type="stmt"/>
      <line num="209" count="8" type="stmt"/>
      <line num="210" count="8" type="stmt"/>
      <line num="212" count="13" type="stmt"/>
      <line num="214" count="43" type="stmt"/>
      <line num="217" count="56" type="stmt"/>
      <line num="218" count="56" type="stmt"/>
      <line num="221" count="11" type="cond" truecount="2" falsecount="0"/>
      <line num="222" count="9" type="stmt"/>
      <line num="224" count="2" type="stmt"/>
      <line num="228" count="113" type="cond" truecount="4" falsecount="0"/>
      <line num="230" count="34" type="stmt"/>
      <line num="231" count="34" type="stmt"/>
      <line num="233" count="25" type="stmt"/>
      <line num="234" count="25" type="stmt"/>
      <line num="236" count="25" type="stmt"/>
      <line num="237" count="25" type="stmt"/>
      <line num="239" count="29" type="stmt"/>
      <line num="240" count="29" type="stmt"/>
      <line num="242" count="113" type="stmt"/>
      <line num="245" count="11" type="stmt"/>
      <line num="246" count="11" type="stmt"/>
      <line num="247" count="11" type="stmt"/>
      <line num="248" count="9" type="stmt"/>
      <line num="251" count="10" type="stmt"/>
      <line num="252" count="10" type="stmt"/>
      <line num="253" count="86" type="stmt"/>
      <line num="257" count="13" type="stmt"/>
      <line num="258" count="13" type="cond" truecount="4" falsecount="0"/>
      <line num="259" count="1" type="stmt"/>
      <line num="261" count="12" type="stmt"/>
      <line num="264" count="13" type="stmt"/>
      <line num="265" count="13" type="cond" truecount="4" falsecount="0"/>
      <line num="266" count="3" type="stmt"/>
      <line num="268" count="10" type="stmt"/>
      <line num="271" count="11" type="cond" truecount="5" falsecount="0"/>
      <line num="276" count="10" type="stmt"/>
      <line num="278" count="1" type="stmt"/>
      <line num="280" count="10" type="stmt"/>
      <line num="283" count="88" type="cond" truecount="4" falsecount="0"/>
      <line num="287" count="86" type="stmt"/>
      <line num="289" count="2" type="stmt"/>
      <line num="291" count="86" type="stmt"/>
      <line num="294" count="16" type="cond" truecount="6" falsecount="0"/>
      <line num="296" count="1" type="stmt"/>
      <line num="297" count="1" type="stmt"/>
      <line num="299" count="10" type="stmt"/>
      <line num="300" count="10" type="stmt"/>
      <line num="302" count="1" type="stmt"/>
      <line num="303" count="1" type="stmt"/>
      <line num="305" count="1" type="stmt"/>
      <line num="306" count="1" type="stmt"/>
      <line num="308" count="1" type="stmt"/>
      <line num="309" count="1" type="stmt"/>
      <line num="311" count="2" type="stmt"/>
      <line num="313" count="14" type="stmt"/>
      <line num="316" count="15" type="stmt"/>
      <line num="317" count="15" type="stmt"/>
      <line num="318" count="90" type="stmt"/>
      <line num="319" count="90" type="stmt"/>
      <line num="320" count="648" type="stmt"/>
      <line num="322" count="15" type="stmt"/>
      <line num="325" count="39" type="stmt"/>
      <line num="328" count="40" type="stmt"/>
      <line num="329" count="240" type="stmt"/>
      <line num="330" count="40" type="stmt"/>
      <line num="331" count="40" type="stmt"/>
      <line num="332" count="240" type="stmt"/>
      <line num="333" count="240" type="stmt"/>
      <line num="334" count="1440" type="stmt"/>
      <line num="336" count="240" type="stmt"/>
      <line num="338" count="40" type="stmt"/>
    </file>
  </project>
</coverage>
