{"/home/carlosmedeiros/misc/nasa-rover/src/app.js": {"path":"/home/carlosmedeiros/misc/nasa-rover/src/app.js","statementMap":{"0":{"start":{"line":3,"column":16},"end":{"line":36,"column":1}},"1":{"start":{"line":4,"column":4},"end":{"line":35,"column":6}},"2":{"start":{"line":38,"column":0},"end":{"line":48,"column":2}},"3":{"start":{"line":50,"column":67},"end":{"line":50,"column":89}},"4":{"start":{"line":51,"column":63},"end":{"line":51,"column":84}},"5":{"start":{"line":54,"column":4},"end":{"line":59,"column":5}},"6":{"start":{"line":55,"column":28},"end":{"line":55,"column":61}},"7":{"start":{"line":56,"column":8},"end":{"line":56,"column":62}},"8":{"start":{"line":58,"column":8},"end":{"line":58,"column":69}},"9":{"start":{"line":63,"column":4},"end":{"line":63,"column":83}},"10":{"start":{"line":63,"column":63},"end":{"line":63,"column":82}},"11":{"start":{"line":66,"column":4},"end":{"line":66,"column":16}},"12":{"start":{"line":67,"column":4},"end":{"line":73,"column":6}},"13":{"start":{"line":68,"column":8},"end":{"line":68,"column":68}},"14":{"start":{"line":69,"column":8},"end":{"line":69,"column":68}},"15":{"start":{"line":70,"column":8},"end":{"line":70,"column":65}},"16":{"start":{"line":71,"column":8},"end":{"line":71,"column":68}},"17":{"start":{"line":72,"column":8},"end":{"line":72,"column":73}},"18":{"start":{"line":74,"column":4},"end":{"line":74,"column":18}},"19":{"start":{"line":77,"column":4},"end":{"line":77,"column":38}},"20":{"start":{"line":78,"column":4},"end":{"line":82,"column":5}},"21":{"start":{"line":85,"column":4},"end":{"line":85,"column":45}},"22":{"start":{"line":86,"column":4},"end":{"line":86,"column":52}},"23":{"start":{"line":87,"column":4},"end":{"line":87,"column":52}},"24":{"start":{"line":88,"column":4},"end":{"line":88,"column":64}},"25":{"start":{"line":91,"column":4},"end":{"line":91,"column":33}},"26":{"start":{"line":92,"column":4},"end":{"line":94,"column":7}},"27":{"start":{"line":93,"column":8},"end":{"line":93,"column":53}},"28":{"start":{"line":97,"column":4},"end":{"line":105,"column":5}},"29":{"start":{"line":102,"column":12},"end":{"line":102,"column":18}},"30":{"start":{"line":104,"column":12},"end":{"line":104,"column":95}},"31":{"start":{"line":106,"column":4},"end":{"line":106,"column":10}},"32":{"start":{"line":109,"column":4},"end":{"line":116,"column":5}},"33":{"start":{"line":113,"column":12},"end":{"line":113,"column":18}},"34":{"start":{"line":115,"column":12},"end":{"line":115,"column":99}},"35":{"start":{"line":117,"column":4},"end":{"line":117,"column":10}}},"fnMap":{"0":{"name":"(anonymous_0)","decl":{"start":{"line":3,"column":16},"end":{"line":3,"column":17}},"loc":{"start":{"line":3,"column":22},"end":{"line":36,"column":1}},"line":3},"1":{"name":"handleAwnsers","decl":{"start":{"line":53,"column":9},"end":{"line":53,"column":22}},"loc":{"start":{"line":53,"column":32},"end":{"line":60,"column":1}},"line":53},"2":{"name":"startApp","decl":{"start":{"line":61,"column":9},"end":{"line":61,"column":17}},"loc":{"start":{"line":61,"column":48},"end":{"line":64,"column":1}},"line":61},"3":{"name":"(anonymous_3)","decl":{"start":{"line":63,"column":53},"end":{"line":63,"column":54}},"loc":{"start":{"line":63,"column":63},"end":{"line":63,"column":82}},"line":63},"4":{"name":"playRovers","decl":{"start":{"line":65,"column":9},"end":{"line":65,"column":19}},"loc":{"start":{"line":65,"column":43},"end":{"line":75,"column":1}},"line":65},"5":{"name":"(anonymous_5)","decl":{"start":{"line":67,"column":19},"end":{"line":67,"column":20}},"loc":{"start":{"line":67,"column":43},"end":{"line":73,"column":5}},"line":67},"6":{"name":"parsePosition","decl":{"start":{"line":76,"column":9},"end":{"line":76,"column":22}},"loc":{"start":{"line":76,"column":41},"end":{"line":83,"column":1}},"line":76},"7":{"name":"validateRoverPosition","decl":{"start":{"line":84,"column":9},"end":{"line":84,"column":30}},"loc":{"start":{"line":84,"column":73},"end":{"line":89,"column":1}},"line":84},"8":{"name":"validateRoverInstructions","decl":{"start":{"line":90,"column":9},"end":{"line":90,"column":34}},"loc":{"start":{"line":90,"column":67},"end":{"line":95,"column":1}},"line":90},"9":{"name":"(anonymous_9)","decl":{"start":{"line":92,"column":17},"end":{"line":92,"column":18}},"loc":{"start":{"line":92,"column":32},"end":{"line":94,"column":5}},"line":92},"10":{"name":"validateDirection","decl":{"start":{"line":96,"column":9},"end":{"line":96,"column":26}},"loc":{"start":{"line":96,"column":51},"end":{"line":107,"column":1}},"line":96},"11":{"name":"validateInstruction","decl":{"start":{"line":108,"column":9},"end":{"line":108,"column":28}},"loc":{"start":{"line":108,"column":55},"end":{"line":118,"column":1}},"line":108}},"branchMap":{"0":{"loc":{"start":{"line":97,"column":4},"end":{"line":105,"column":5}},"type":"switch","locations":[{"start":{"line":98,"column":8},"end":{"line":98,"column":17}},{"start":{"line":99,"column":8},"end":{"line":99,"column":17}},{"start":{"line":100,"column":8},"end":{"line":100,"column":17}},{"start":{"line":101,"column":8},"end":{"line":102,"column":18}},{"start":{"line":103,"column":8},"end":{"line":104,"column":95}}],"line":97},"1":{"loc":{"start":{"line":109,"column":4},"end":{"line":116,"column":5}},"type":"switch","locations":[{"start":{"line":110,"column":8},"end":{"line":110,"column":17}},{"start":{"line":111,"column":8},"end":{"line":111,"column":17}},{"start":{"line":112,"column":8},"end":{"line":113,"column":18}},{"start":{"line":114,"column":8},"end":{"line":115,"column":99}}],"line":109}},"s":{"0":2,"1":1,"2":2,"3":2,"4":2,"5":2,"6":2,"7":1,"8":1,"9":3,"10":6,"11":5,"12":5,"13":9,"14":8,"15":8,"16":8,"17":8,"18":4,"19":23,"20":23,"21":11,"22":11,"23":11,"24":9,"25":10,"26":10,"27":86,"28":11,"29":10,"30":1,"31":10,"32":88,"33":86,"34":2,"35":86},"f":{"0":1,"1":2,"2":3,"3":6,"4":5,"5":9,"6":23,"7":11,"8":10,"9":86,"10":11,"11":88},"b":{"0":[6,6,6,10,1],"1":[21,41,86,2]},"inputSourceMap":null,"_coverageSchema":"1a1c01bbd47fc00a2c39e90264f33305004495a9","hash":"fd4de0c2cda23b0f74a0a7fb475bdf03e1d23cd9"}
,"/home/carlosmedeiros/misc/nasa-rover/src/matrix.js": {"path":"/home/carlosmedeiros/misc/nasa-rover/src/matrix.js","statementMap":{"0":{"start":{"line":3,"column":0},"end":{"line":11,"column":2}},"1":{"start":{"line":14,"column":4},"end":{"line":14,"column":109}},"2":{"start":{"line":17,"column":4},"end":{"line":17,"column":45}},"3":{"start":{"line":18,"column":4},"end":{"line":20,"column":5}},"4":{"start":{"line":19,"column":8},"end":{"line":19,"column":117}},"5":{"start":{"line":21,"column":4},"end":{"line":21,"column":10}},"6":{"start":{"line":24,"column":4},"end":{"line":24,"column":44}},"7":{"start":{"line":25,"column":4},"end":{"line":27,"column":5}},"8":{"start":{"line":26,"column":8},"end":{"line":26,"column":117}},"9":{"start":{"line":28,"column":4},"end":{"line":28,"column":10}},"10":{"start":{"line":31,"column":4},"end":{"line":49,"column":5}},"11":{"start":{"line":33,"column":25},"end":{"line":33,"column":52}},"12":{"start":{"line":34,"column":12},"end":{"line":34,"column":18}},"13":{"start":{"line":36,"column":25},"end":{"line":36,"column":52}},"14":{"start":{"line":37,"column":12},"end":{"line":37,"column":18}},"15":{"start":{"line":39,"column":25},"end":{"line":39,"column":52}},"16":{"start":{"line":40,"column":12},"end":{"line":40,"column":18}},"17":{"start":{"line":42,"column":25},"end":{"line":42,"column":53}},"18":{"start":{"line":43,"column":12},"end":{"line":43,"column":18}},"19":{"start":{"line":45,"column":25},"end":{"line":45,"column":53}},"20":{"start":{"line":46,"column":12},"end":{"line":46,"column":18}},"21":{"start":{"line":48,"column":12},"end":{"line":48,"column":65}},"22":{"start":{"line":50,"column":4},"end":{"line":50,"column":17}},"23":{"start":{"line":53,"column":14},"end":{"line":53,"column":16}},"24":{"start":{"line":54,"column":4},"end":{"line":58,"column":5}},"25":{"start":{"line":54,"column":14},"end":{"line":54,"column":15}},"26":{"start":{"line":55,"column":8},"end":{"line":55,"column":20}},"27":{"start":{"line":56,"column":8},"end":{"line":56,"column":36}},"28":{"start":{"line":57,"column":8},"end":{"line":57,"column":60}},"29":{"start":{"line":57,"column":18},"end":{"line":57,"column":19}},"30":{"start":{"line":57,"column":36},"end":{"line":57,"column":60}},"31":{"start":{"line":59,"column":4},"end":{"line":59,"column":14}},"32":{"start":{"line":62,"column":4},"end":{"line":62,"column":45}},"33":{"start":{"line":65,"column":14},"end":{"line":65,"column":18}},"34":{"start":{"line":66,"column":4},"end":{"line":66,"column":84}},"35":{"start":{"line":66,"column":22},"end":{"line":66,"column":23}},"36":{"start":{"line":66,"column":62},"end":{"line":66,"column":84}},"37":{"start":{"line":67,"column":4},"end":{"line":67,"column":16}},"38":{"start":{"line":68,"column":4},"end":{"line":74,"column":5}},"39":{"start":{"line":68,"column":18},"end":{"line":68,"column":33}},"40":{"start":{"line":69,"column":8},"end":{"line":69,"column":24}},"41":{"start":{"line":70,"column":8},"end":{"line":72,"column":9}},"42":{"start":{"line":70,"column":25},"end":{"line":70,"column":26}},"43":{"start":{"line":71,"column":12},"end":{"line":71,"column":45}},"44":{"start":{"line":73,"column":8},"end":{"line":73,"column":19}},"45":{"start":{"line":75,"column":4},"end":{"line":75,"column":14}}},"fnMap":{"0":{"name":"canMoveToPosition","decl":{"start":{"line":13,"column":9},"end":{"line":13,"column":26}},"loc":{"start":{"line":13,"column":49},"end":{"line":15,"column":1}},"line":13},"1":{"name":"validateXCoordinate","decl":{"start":{"line":16,"column":9},"end":{"line":16,"column":28}},"loc":{"start":{"line":16,"column":63},"end":{"line":22,"column":1}},"line":16},"2":{"name":"validateYCoordinate","decl":{"start":{"line":23,"column":9},"end":{"line":23,"column":28}},"loc":{"start":{"line":23,"column":63},"end":{"line":29,"column":1}},"line":23},"3":{"name":"createMatrix","decl":{"start":{"line":30,"column":9},"end":{"line":30,"column":21}},"loc":{"start":{"line":30,"column":34},"end":{"line":51,"column":1}},"line":30},"4":{"name":"initializeMatrix","decl":{"start":{"line":52,"column":9},"end":{"line":52,"column":25}},"loc":{"start":{"line":52,"column":51},"end":{"line":60,"column":1}},"line":52},"5":{"name":"printMatrix","decl":{"start":{"line":61,"column":9},"end":{"line":61,"column":20}},"loc":{"start":{"line":61,"column":29},"end":{"line":63,"column":1}},"line":61},"6":{"name":"generateMatrixString","decl":{"start":{"line":64,"column":9},"end":{"line":64,"column":29}},"loc":{"start":{"line":64,"column":38},"end":{"line":76,"column":1}},"line":64}},"branchMap":{"0":{"loc":{"start":{"line":14,"column":12},"end":{"line":14,"column":108}},"type":"binary-expr","locations":[{"start":{"line":14,"column":12},"end":{"line":14,"column":39}},{"start":{"line":14,"column":43},"end":{"line":14,"column":77}},{"start":{"line":14,"column":81},"end":{"line":14,"column":108}}],"line":14},"1":{"loc":{"start":{"line":18,"column":4},"end":{"line":20,"column":5}},"type":"if","locations":[{"start":{"line":18,"column":4},"end":{"line":20,"column":5}},{"start":{},"end":{}}],"line":18},"2":{"loc":{"start":{"line":18,"column":8},"end":{"line":18,"column":53}},"type":"binary-expr","locations":[{"start":{"line":18,"column":8},"end":{"line":18,"column":26}},{"start":{"line":18,"column":30},"end":{"line":18,"column":53}}],"line":18},"3":{"loc":{"start":{"line":25,"column":4},"end":{"line":27,"column":5}},"type":"if","locations":[{"start":{"line":25,"column":4},"end":{"line":27,"column":5}},{"start":{},"end":{}}],"line":25},"4":{"loc":{"start":{"line":25,"column":8},"end":{"line":25,"column":53}},"type":"binary-expr","locations":[{"start":{"line":25,"column":8},"end":{"line":25,"column":26}},{"start":{"line":25,"column":30},"end":{"line":25,"column":53}}],"line":25},"5":{"loc":{"start":{"line":31,"column":4},"end":{"line":49,"column":5}},"type":"switch","locations":[{"start":{"line":32,"column":8},"end":{"line":34,"column":18}},{"start":{"line":35,"column":8},"end":{"line":37,"column":18}},{"start":{"line":38,"column":8},"end":{"line":40,"column":18}},{"start":{"line":41,"column":8},"end":{"line":43,"column":18}},{"start":{"line":44,"column":8},"end":{"line":46,"column":18}},{"start":{"line":47,"column":8},"end":{"line":48,"column":65}}],"line":31}},"s":{"0":3,"1":110,"2":13,"3":13,"4":1,"5":12,"6":13,"7":13,"8":3,"9":10,"10":16,"11":1,"12":1,"13":10,"14":10,"15":1,"16":1,"17":1,"18":1,"19":1,"20":1,"21":2,"22":14,"23":15,"24":15,"25":15,"26":90,"27":90,"28":90,"29":90,"30":648,"31":15,"32":39,"33":40,"34":40,"35":40,"36":240,"37":40,"38":40,"39":40,"40":240,"41":240,"42":240,"43":1440,"44":240,"45":40},"f":{"0":110,"1":13,"2":13,"3":16,"4":15,"5":39,"6":40},"b":{"0":[110,107,106],"1":[1,12],"2":[13,13],"3":[3,10],"4":[13,11],"5":[1,10,1,1,1,2]},"inputSourceMap":null,"_coverageSchema":"1a1c01bbd47fc00a2c39e90264f33305004495a9","hash":"1a74e476dc104874f6dd0f67f8ffc4cc8254455c"}
,"/home/carlosmedeiros/misc/nasa-rover/src/rover.js": {"path":"/home/carlosmedeiros/misc/nasa-rover/src/rover.js","statementMap":{"0":{"start":{"line":3,"column":0},"end":{"line":15,"column":2}},"1":{"start":{"line":17,"column":26},"end":{"line":17,"column":45}},"2":{"start":{"line":18,"column":43},"end":{"line":18,"column":65}},"3":{"start":{"line":21,"column":4},"end":{"line":21,"column":100}},"4":{"start":{"line":24,"column":4},"end":{"line":24,"column":45}},"5":{"start":{"line":25,"column":4},"end":{"line":25,"column":82}},"6":{"start":{"line":26,"column":4},"end":{"line":31,"column":5}},"7":{"start":{"line":34,"column":4},"end":{"line":42,"column":7}},"8":{"start":{"line":37,"column":8},"end":{"line":37,"column":162}},"9":{"start":{"line":37,"column":19},"end":{"line":37,"column":162}},"10":{"start":{"line":38,"column":8},"end":{"line":38,"column":38}},"11":{"start":{"line":38,"column":19},"end":{"line":38,"column":38}},"12":{"start":{"line":39,"column":8},"end":{"line":39,"column":62}},"13":{"start":{"line":40,"column":8},"end":{"line":40,"column":42}},"14":{"start":{"line":40,"column":19},"end":{"line":40,"column":42}},"15":{"start":{"line":41,"column":8},"end":{"line":41,"column":38}},"16":{"start":{"line":41,"column":19},"end":{"line":41,"column":38}},"17":{"start":{"line":45,"column":4},"end":{"line":53,"column":5}},"18":{"start":{"line":48,"column":12},"end":{"line":48,"column":64}},"19":{"start":{"line":49,"column":12},"end":{"line":49,"column":18}},"20":{"start":{"line":51,"column":12},"end":{"line":51,"column":49}},"21":{"start":{"line":52,"column":12},"end":{"line":52,"column":18}},"22":{"start":{"line":56,"column":4},"end":{"line":56,"column":32}},"23":{"start":{"line":57,"column":4},"end":{"line":57,"column":32}},"24":{"start":{"line":58,"column":4},"end":{"line":71,"column":5}},"25":{"start":{"line":60,"column":12},"end":{"line":60,"column":18}},"26":{"start":{"line":61,"column":12},"end":{"line":61,"column":18}},"27":{"start":{"line":63,"column":12},"end":{"line":63,"column":18}},"28":{"start":{"line":64,"column":12},"end":{"line":64,"column":18}},"29":{"start":{"line":66,"column":12},"end":{"line":66,"column":18}},"30":{"start":{"line":67,"column":12},"end":{"line":67,"column":18}},"31":{"start":{"line":69,"column":12},"end":{"line":69,"column":18}},"32":{"start":{"line":70,"column":12},"end":{"line":70,"column":18}},"33":{"start":{"line":72,"column":4},"end":{"line":72,"column":57}},"34":{"start":{"line":75,"column":4},"end":{"line":81,"column":5}},"35":{"start":{"line":76,"column":8},"end":{"line":76,"column":68}},"36":{"start":{"line":77,"column":8},"end":{"line":77,"column":30}},"37":{"start":{"line":78,"column":8},"end":{"line":78,"column":30}},"38":{"start":{"line":80,"column":8},"end":{"line":80,"column":120}},"39":{"start":{"line":84,"column":4},"end":{"line":87,"column":5}},"40":{"start":{"line":85,"column":8},"end":{"line":85,"column":79}},"41":{"start":{"line":86,"column":8},"end":{"line":86,"column":52}},"42":{"start":{"line":90,"column":4},"end":{"line":131,"column":5}},"43":{"start":{"line":92,"column":12},"end":{"line":99,"column":13}},"44":{"start":{"line":94,"column":20},"end":{"line":94,"column":39}},"45":{"start":{"line":95,"column":20},"end":{"line":95,"column":26}},"46":{"start":{"line":97,"column":20},"end":{"line":97,"column":39}},"47":{"start":{"line":98,"column":20},"end":{"line":98,"column":26}},"48":{"start":{"line":100,"column":12},"end":{"line":100,"column":18}},"49":{"start":{"line":102,"column":12},"end":{"line":109,"column":13}},"50":{"start":{"line":104,"column":20},"end":{"line":104,"column":39}},"51":{"start":{"line":105,"column":20},"end":{"line":105,"column":26}},"52":{"start":{"line":107,"column":20},"end":{"line":107,"column":39}},"53":{"start":{"line":108,"column":20},"end":{"line":108,"column":26}},"54":{"start":{"line":110,"column":12},"end":{"line":110,"column":18}},"55":{"start":{"line":112,"column":12},"end":{"line":119,"column":13}},"56":{"start":{"line":114,"column":20},"end":{"line":114,"column":39}},"57":{"start":{"line":115,"column":20},"end":{"line":115,"column":26}},"58":{"start":{"line":117,"column":20},"end":{"line":117,"column":39}},"59":{"start":{"line":118,"column":20},"end":{"line":118,"column":26}},"60":{"start":{"line":120,"column":12},"end":{"line":120,"column":18}},"61":{"start":{"line":122,"column":12},"end":{"line":129,"column":13}},"62":{"start":{"line":124,"column":20},"end":{"line":124,"column":39}},"63":{"start":{"line":125,"column":20},"end":{"line":125,"column":26}},"64":{"start":{"line":127,"column":20},"end":{"line":127,"column":39}},"65":{"start":{"line":128,"column":20},"end":{"line":128,"column":26}},"66":{"start":{"line":130,"column":12},"end":{"line":130,"column":18}},"67":{"start":{"line":132,"column":4},"end":{"line":132,"column":67}},"68":{"start":{"line":135,"column":4},"end":{"line":135,"column":90}},"69":{"start":{"line":136,"column":4},"end":{"line":136,"column":42}},"70":{"start":{"line":139,"column":4},"end":{"line":143,"column":5}},"71":{"start":{"line":140,"column":8},"end":{"line":140,"column":84}},"72":{"start":{"line":142,"column":8},"end":{"line":142,"column":137}},"73":{"start":{"line":146,"column":4},"end":{"line":159,"column":5}},"74":{"start":{"line":148,"column":12},"end":{"line":148,"column":27}},"75":{"start":{"line":149,"column":12},"end":{"line":149,"column":18}},"76":{"start":{"line":151,"column":12},"end":{"line":151,"column":27}},"77":{"start":{"line":152,"column":12},"end":{"line":152,"column":18}},"78":{"start":{"line":154,"column":12},"end":{"line":154,"column":27}},"79":{"start":{"line":155,"column":12},"end":{"line":155,"column":18}},"80":{"start":{"line":157,"column":12},"end":{"line":157,"column":27}},"81":{"start":{"line":158,"column":12},"end":{"line":158,"column":18}},"82":{"start":{"line":160,"column":4},"end":{"line":160,"column":34}}},"fnMap":{"0":{"name":"generateRoverSummary","decl":{"start":{"line":20,"column":9},"end":{"line":20,"column":29}},"loc":{"start":{"line":20,"column":50},"end":{"line":22,"column":1}},"line":20},"1":{"name":"deployRover","decl":{"start":{"line":23,"column":9},"end":{"line":23,"column":20}},"loc":{"start":{"line":23,"column":49},"end":{"line":32,"column":1}},"line":23},"2":{"name":"runInstructions","decl":{"start":{"line":33,"column":9},"end":{"line":33,"column":24}},"loc":{"start":{"line":33,"column":60},"end":{"line":43,"column":1}},"line":33},"3":{"name":"(anonymous_3)","decl":{"start":{"line":36,"column":13},"end":{"line":36,"column":14}},"loc":{"start":{"line":36,"column":33},"end":{"line":42,"column":5}},"line":36},"4":{"name":"instructRover","decl":{"start":{"line":44,"column":9},"end":{"line":44,"column":22}},"loc":{"start":{"line":44,"column":64},"end":{"line":54,"column":1}},"line":44},"5":{"name":"moveRover","decl":{"start":{"line":55,"column":9},"end":{"line":55,"column":18}},"loc":{"start":{"line":55,"column":47},"end":{"line":73,"column":1}},"line":55},"6":{"name":"updateRoverPosition","decl":{"start":{"line":74,"column":9},"end":{"line":74,"column":28}},"loc":{"start":{"line":74,"column":71},"end":{"line":82,"column":1}},"line":74},"7":{"name":"moveRoverIndicator","decl":{"start":{"line":83,"column":9},"end":{"line":83,"column":27}},"loc":{"start":{"line":83,"column":64},"end":{"line":88,"column":1}},"line":83},"8":{"name":"rotateRover","decl":{"start":{"line":89,"column":9},"end":{"line":89,"column":20}},"loc":{"start":{"line":89,"column":62},"end":{"line":133,"column":1}},"line":89},"9":{"name":"rotateRoverIndicator","decl":{"start":{"line":134,"column":9},"end":{"line":134,"column":29}},"loc":{"start":{"line":134,"column":73},"end":{"line":137,"column":1}},"line":134},"10":{"name":"placeRover","decl":{"start":{"line":138,"column":9},"end":{"line":138,"column":19}},"loc":{"start":{"line":138,"column":78},"end":{"line":144,"column":1}},"line":138},"11":{"name":"getRoverIndicator","decl":{"start":{"line":145,"column":9},"end":{"line":145,"column":26}},"loc":{"start":{"line":145,"column":45},"end":{"line":161,"column":1}},"line":145}},"branchMap":{"0":{"loc":{"start":{"line":37,"column":8},"end":{"line":37,"column":162}},"type":"if","locations":[{"start":{"line":37,"column":8},"end":{"line":37,"column":162}},{"start":{},"end":{}}],"line":37},"1":{"loc":{"start":{"line":38,"column":8},"end":{"line":38,"column":38}},"type":"if","locations":[{"start":{"line":38,"column":8},"end":{"line":38,"column":38}},{"start":{},"end":{}}],"line":38},"2":{"loc":{"start":{"line":40,"column":8},"end":{"line":40,"column":42}},"type":"if","locations":[{"start":{"line":40,"column":8},"end":{"line":40,"column":42}},{"start":{},"end":{}}],"line":40},"3":{"loc":{"start":{"line":41,"column":8},"end":{"line":41,"column":38}},"type":"if","locations":[{"start":{"line":41,"column":8},"end":{"line":41,"column":38}},{"start":{},"end":{}}],"line":41},"4":{"loc":{"start":{"line":45,"column":4},"end":{"line":53,"column":5}},"type":"switch","locations":[{"start":{"line":46,"column":8},"end":{"line":46,"column":17}},{"start":{"line":47,"column":8},"end":{"line":49,"column":18}},{"start":{"line":50,"column":8},"end":{"line":52,"column":18}}],"line":45},"5":{"loc":{"start":{"line":58,"column":4},"end":{"line":71,"column":5}},"type":"switch","locations":[{"start":{"line":59,"column":8},"end":{"line":61,"column":18}},{"start":{"line":62,"column":8},"end":{"line":64,"column":18}},{"start":{"line":65,"column":8},"end":{"line":67,"column":18}},{"start":{"line":68,"column":8},"end":{"line":70,"column":18}}],"line":58},"6":{"loc":{"start":{"line":75,"column":4},"end":{"line":81,"column":5}},"type":"if","locations":[{"start":{"line":75,"column":4},"end":{"line":81,"column":5}},{"start":{"line":79,"column":11},"end":{"line":81,"column":5}}],"line":75},"7":{"loc":{"start":{"line":84,"column":4},"end":{"line":87,"column":5}},"type":"if","locations":[{"start":{"line":84,"column":4},"end":{"line":87,"column":5}},{"start":{},"end":{}}],"line":84},"8":{"loc":{"start":{"line":90,"column":4},"end":{"line":131,"column":5}},"type":"switch","locations":[{"start":{"line":91,"column":8},"end":{"line":100,"column":18}},{"start":{"line":101,"column":8},"end":{"line":110,"column":18}},{"start":{"line":111,"column":8},"end":{"line":120,"column":18}},{"start":{"line":121,"column":8},"end":{"line":130,"column":18}}],"line":90},"9":{"loc":{"start":{"line":92,"column":12},"end":{"line":99,"column":13}},"type":"switch","locations":[{"start":{"line":93,"column":16},"end":{"line":95,"column":26}},{"start":{"line":96,"column":16},"end":{"line":98,"column":26}}],"line":92},"10":{"loc":{"start":{"line":102,"column":12},"end":{"line":109,"column":13}},"type":"switch","locations":[{"start":{"line":103,"column":16},"end":{"line":105,"column":26}},{"start":{"line":106,"column":16},"end":{"line":108,"column":26}}],"line":102},"11":{"loc":{"start":{"line":112,"column":12},"end":{"line":119,"column":13}},"type":"switch","locations":[{"start":{"line":113,"column":16},"end":{"line":115,"column":26}},{"start":{"line":116,"column":16},"end":{"line":118,"column":26}}],"line":112},"12":{"loc":{"start":{"line":122,"column":12},"end":{"line":129,"column":13}},"type":"switch","locations":[{"start":{"line":123,"column":16},"end":{"line":125,"column":26}},{"start":{"line":126,"column":16},"end":{"line":128,"column":26}}],"line":122},"13":{"loc":{"start":{"line":139,"column":4},"end":{"line":143,"column":5}},"type":"if","locations":[{"start":{"line":139,"column":4},"end":{"line":143,"column":5}},{"start":{"line":141,"column":11},"end":{"line":143,"column":5}}],"line":139},"14":{"loc":{"start":{"line":146,"column":4},"end":{"line":159,"column":5}},"type":"switch","locations":[{"start":{"line":147,"column":8},"end":{"line":149,"column":18}},{"start":{"line":150,"column":8},"end":{"line":152,"column":18}},{"start":{"line":153,"column":8},"end":{"line":155,"column":18}},{"start":{"line":156,"column":8},"end":{"line":158,"column":18}}],"line":146}},"s":{"0":2,"1":2,"2":2,"3":9,"4":9,"5":9,"6":9,"7":9,"8":85,"9":19,"10":85,"11":19,"12":85,"13":85,"14":19,"15":85,"16":19,"17":86,"18":41,"19":41,"20":45,"21":45,"22":46,"23":46,"24":46,"25":14,"26":14,"27":9,"28":9,"29":14,"30":14,"31":9,"32":9,"33":46,"34":48,"35":47,"36":47,"37":47,"38":1,"39":49,"40":47,"41":47,"42":43,"43":11,"44":7,"45":7,"46":4,"47":4,"48":11,"49":9,"50":5,"51":5,"52":4,"53":4,"54":9,"55":10,"56":5,"57":5,"58":5,"59":5,"60":10,"61":13,"62":5,"63":5,"64":8,"65":8,"66":13,"67":43,"68":56,"69":56,"70":11,"71":9,"72":2,"73":113,"74":34,"75":34,"76":25,"77":25,"78":25,"79":25,"80":29,"81":29,"82":113},"f":{"0":9,"1":9,"2":9,"3":85,"4":86,"5":46,"6":48,"7":49,"8":43,"9":56,"10":11,"11":113},"b":{"0":[19,66],"1":[19,66],"2":[19,66],"3":[19,66],"4":[20,41,45],"5":[14,9,14,9],"6":[47,1],"7":[47,2],"8":[11,9,10,13],"9":[7,4],"10":[5,4],"11":[5,5],"12":[5,8],"13":[9,2],"14":[34,25,25,29]},"inputSourceMap":null,"_coverageSchema":"1a1c01bbd47fc00a2c39e90264f33305004495a9","hash":"5a7686bcc145597bd9c1ba923bb848181ef847fa"}
}
