{"/home/carlosmedeiros/misc/nasa-rover/src/app.js": {"path":"/home/carlosmedeiros/misc/nasa-rover/src/app.js","statementMap":{"0":{"start":{"line":3,"column":16},"end":{"line":36,"column":1}},"1":{"start":{"line":4,"column":4},"end":{"line":35,"column":6}},"2":{"start":{"line":38,"column":0},"end":{"line":66,"column":2}},"3":{"start":{"line":69,"column":4},"end":{"line":74,"column":5}},"4":{"start":{"line":70,"column":28},"end":{"line":70,"column":61}},"5":{"start":{"line":71,"column":8},"end":{"line":71,"column":62}},"6":{"start":{"line":73,"column":8},"end":{"line":73,"column":69}},"7":{"start":{"line":78,"column":4},"end":{"line":78,"column":83}},"8":{"start":{"line":78,"column":63},"end":{"line":78,"column":82}},"9":{"start":{"line":81,"column":4},"end":{"line":81,"column":16}},"10":{"start":{"line":82,"column":4},"end":{"line":88,"column":6}},"11":{"start":{"line":83,"column":8},"end":{"line":83,"column":68}},"12":{"start":{"line":84,"column":8},"end":{"line":84,"column":68}},"13":{"start":{"line":85,"column":8},"end":{"line":85,"column":65}},"14":{"start":{"line":86,"column":8},"end":{"line":86,"column":68}},"15":{"start":{"line":87,"column":8},"end":{"line":87,"column":73}},"16":{"start":{"line":89,"column":4},"end":{"line":89,"column":18}},"17":{"start":{"line":92,"column":4},"end":{"line":92,"column":100}},"18":{"start":{"line":95,"column":4},"end":{"line":95,"column":45}},"19":{"start":{"line":96,"column":4},"end":{"line":96,"column":82}},"20":{"start":{"line":97,"column":4},"end":{"line":102,"column":5}},"21":{"start":{"line":105,"column":4},"end":{"line":105,"column":38}},"22":{"start":{"line":106,"column":4},"end":{"line":110,"column":5}},"23":{"start":{"line":113,"column":4},"end":{"line":121,"column":7}},"24":{"start":{"line":116,"column":8},"end":{"line":116,"column":162}},"25":{"start":{"line":116,"column":19},"end":{"line":116,"column":162}},"26":{"start":{"line":117,"column":8},"end":{"line":117,"column":38}},"27":{"start":{"line":117,"column":19},"end":{"line":117,"column":38}},"28":{"start":{"line":118,"column":8},"end":{"line":118,"column":62}},"29":{"start":{"line":119,"column":8},"end":{"line":119,"column":42}},"30":{"start":{"line":119,"column":19},"end":{"line":119,"column":42}},"31":{"start":{"line":120,"column":8},"end":{"line":120,"column":38}},"32":{"start":{"line":120,"column":19},"end":{"line":120,"column":38}},"33":{"start":{"line":124,"column":4},"end":{"line":132,"column":5}},"34":{"start":{"line":127,"column":12},"end":{"line":127,"column":64}},"35":{"start":{"line":128,"column":12},"end":{"line":128,"column":18}},"36":{"start":{"line":130,"column":12},"end":{"line":130,"column":49}},"37":{"start":{"line":131,"column":12},"end":{"line":131,"column":18}},"38":{"start":{"line":135,"column":4},"end":{"line":135,"column":32}},"39":{"start":{"line":136,"column":4},"end":{"line":136,"column":32}},"40":{"start":{"line":137,"column":4},"end":{"line":150,"column":5}},"41":{"start":{"line":139,"column":12},"end":{"line":139,"column":18}},"42":{"start":{"line":140,"column":12},"end":{"line":140,"column":18}},"43":{"start":{"line":142,"column":12},"end":{"line":142,"column":18}},"44":{"start":{"line":143,"column":12},"end":{"line":143,"column":18}},"45":{"start":{"line":145,"column":12},"end":{"line":145,"column":18}},"46":{"start":{"line":146,"column":12},"end":{"line":146,"column":18}},"47":{"start":{"line":148,"column":12},"end":{"line":148,"column":18}},"48":{"start":{"line":149,"column":12},"end":{"line":149,"column":18}},"49":{"start":{"line":151,"column":4},"end":{"line":151,"column":57}},"50":{"start":{"line":154,"column":4},"end":{"line":160,"column":5}},"51":{"start":{"line":155,"column":8},"end":{"line":155,"column":68}},"52":{"start":{"line":156,"column":8},"end":{"line":156,"column":30}},"53":{"start":{"line":157,"column":8},"end":{"line":157,"column":30}},"54":{"start":{"line":159,"column":8},"end":{"line":159,"column":120}},"55":{"start":{"line":163,"column":4},"end":{"line":163,"column":109}},"56":{"start":{"line":166,"column":4},"end":{"line":169,"column":5}},"57":{"start":{"line":167,"column":8},"end":{"line":167,"column":79}},"58":{"start":{"line":168,"column":8},"end":{"line":168,"column":52}},"59":{"start":{"line":172,"column":4},"end":{"line":213,"column":5}},"60":{"start":{"line":174,"column":12},"end":{"line":181,"column":13}},"61":{"start":{"line":176,"column":20},"end":{"line":176,"column":39}},"62":{"start":{"line":177,"column":20},"end":{"line":177,"column":26}},"63":{"start":{"line":179,"column":20},"end":{"line":179,"column":39}},"64":{"start":{"line":180,"column":20},"end":{"line":180,"column":26}},"65":{"start":{"line":182,"column":12},"end":{"line":182,"column":18}},"66":{"start":{"line":184,"column":12},"end":{"line":191,"column":13}},"67":{"start":{"line":186,"column":20},"end":{"line":186,"column":39}},"68":{"start":{"line":187,"column":20},"end":{"line":187,"column":26}},"69":{"start":{"line":189,"column":20},"end":{"line":189,"column":39}},"70":{"start":{"line":190,"column":20},"end":{"line":190,"column":26}},"71":{"start":{"line":192,"column":12},"end":{"line":192,"column":18}},"72":{"start":{"line":194,"column":12},"end":{"line":201,"column":13}},"73":{"start":{"line":196,"column":20},"end":{"line":196,"column":39}},"74":{"start":{"line":197,"column":20},"end":{"line":197,"column":26}},"75":{"start":{"line":199,"column":20},"end":{"line":199,"column":39}},"76":{"start":{"line":200,"column":20},"end":{"line":200,"column":26}},"77":{"start":{"line":202,"column":12},"end":{"line":202,"column":18}},"78":{"start":{"line":204,"column":12},"end":{"line":211,"column":13}},"79":{"start":{"line":206,"column":20},"end":{"line":206,"column":39}},"80":{"start":{"line":207,"column":20},"end":{"line":207,"column":26}},"81":{"start":{"line":209,"column":20},"end":{"line":209,"column":39}},"82":{"start":{"line":210,"column":20},"end":{"line":210,"column":26}},"83":{"start":{"line":212,"column":12},"end":{"line":212,"column":18}},"84":{"start":{"line":214,"column":4},"end":{"line":214,"column":67}},"85":{"start":{"line":217,"column":4},"end":{"line":217,"column":90}},"86":{"start":{"line":218,"column":4},"end":{"line":218,"column":42}},"87":{"start":{"line":221,"column":4},"end":{"line":225,"column":5}},"88":{"start":{"line":222,"column":8},"end":{"line":222,"column":84}},"89":{"start":{"line":224,"column":8},"end":{"line":224,"column":137}},"90":{"start":{"line":228,"column":4},"end":{"line":241,"column":5}},"91":{"start":{"line":230,"column":12},"end":{"line":230,"column":27}},"92":{"start":{"line":231,"column":12},"end":{"line":231,"column":18}},"93":{"start":{"line":233,"column":12},"end":{"line":233,"column":27}},"94":{"start":{"line":234,"column":12},"end":{"line":234,"column":18}},"95":{"start":{"line":236,"column":12},"end":{"line":236,"column":27}},"96":{"start":{"line":237,"column":12},"end":{"line":237,"column":18}},"97":{"start":{"line":239,"column":12},"end":{"line":239,"column":27}},"98":{"start":{"line":240,"column":12},"end":{"line":240,"column":18}},"99":{"start":{"line":242,"column":4},"end":{"line":242,"column":34}},"100":{"start":{"line":245,"column":4},"end":{"line":245,"column":45}},"101":{"start":{"line":246,"column":4},"end":{"line":246,"column":52}},"102":{"start":{"line":247,"column":4},"end":{"line":247,"column":52}},"103":{"start":{"line":248,"column":4},"end":{"line":248,"column":64}},"104":{"start":{"line":251,"column":4},"end":{"line":251,"column":33}},"105":{"start":{"line":252,"column":4},"end":{"line":254,"column":7}},"106":{"start":{"line":253,"column":8},"end":{"line":253,"column":53}},"107":{"start":{"line":257,"column":4},"end":{"line":257,"column":45}},"108":{"start":{"line":258,"column":4},"end":{"line":260,"column":5}},"109":{"start":{"line":259,"column":8},"end":{"line":259,"column":117}},"110":{"start":{"line":261,"column":4},"end":{"line":261,"column":10}},"111":{"start":{"line":264,"column":4},"end":{"line":264,"column":44}},"112":{"start":{"line":265,"column":4},"end":{"line":267,"column":5}},"113":{"start":{"line":266,"column":8},"end":{"line":266,"column":117}},"114":{"start":{"line":268,"column":4},"end":{"line":268,"column":10}},"115":{"start":{"line":271,"column":4},"end":{"line":279,"column":5}},"116":{"start":{"line":276,"column":12},"end":{"line":276,"column":18}},"117":{"start":{"line":278,"column":12},"end":{"line":278,"column":95}},"118":{"start":{"line":280,"column":4},"end":{"line":280,"column":10}},"119":{"start":{"line":283,"column":4},"end":{"line":290,"column":5}},"120":{"start":{"line":287,"column":12},"end":{"line":287,"column":18}},"121":{"start":{"line":289,"column":12},"end":{"line":289,"column":99}},"122":{"start":{"line":291,"column":4},"end":{"line":291,"column":10}},"123":{"start":{"line":294,"column":4},"end":{"line":309,"column":5}},"124":{"start":{"line":296,"column":25},"end":{"line":296,"column":52}},"125":{"start":{"line":297,"column":12},"end":{"line":297,"column":18}},"126":{"start":{"line":299,"column":25},"end":{"line":299,"column":52}},"127":{"start":{"line":300,"column":12},"end":{"line":300,"column":18}},"128":{"start":{"line":302,"column":25},"end":{"line":302,"column":53}},"129":{"start":{"line":303,"column":12},"end":{"line":303,"column":18}},"130":{"start":{"line":305,"column":25},"end":{"line":305,"column":53}},"131":{"start":{"line":306,"column":12},"end":{"line":306,"column":18}},"132":{"start":{"line":308,"column":12},"end":{"line":308,"column":65}},"133":{"start":{"line":310,"column":4},"end":{"line":310,"column":17}},"134":{"start":{"line":313,"column":14},"end":{"line":313,"column":16}},"135":{"start":{"line":314,"column":4},"end":{"line":318,"column":5}},"136":{"start":{"line":314,"column":14},"end":{"line":314,"column":15}},"137":{"start":{"line":315,"column":8},"end":{"line":315,"column":20}},"138":{"start":{"line":316,"column":8},"end":{"line":316,"column":36}},"139":{"start":{"line":317,"column":8},"end":{"line":317,"column":60}},"140":{"start":{"line":317,"column":18},"end":{"line":317,"column":19}},"141":{"start":{"line":317,"column":36},"end":{"line":317,"column":60}},"142":{"start":{"line":319,"column":4},"end":{"line":319,"column":14}},"143":{"start":{"line":322,"column":4},"end":{"line":322,"column":45}},"144":{"start":{"line":325,"column":14},"end":{"line":325,"column":18}},"145":{"start":{"line":326,"column":4},"end":{"line":326,"column":84}},"146":{"start":{"line":326,"column":22},"end":{"line":326,"column":23}},"147":{"start":{"line":326,"column":62},"end":{"line":326,"column":84}},"148":{"start":{"line":327,"column":4},"end":{"line":327,"column":16}},"149":{"start":{"line":328,"column":4},"end":{"line":334,"column":5}},"150":{"start":{"line":328,"column":18},"end":{"line":328,"column":33}},"151":{"start":{"line":329,"column":8},"end":{"line":329,"column":24}},"152":{"start":{"line":330,"column":8},"end":{"line":332,"column":9}},"153":{"start":{"line":330,"column":25},"end":{"line":330,"column":26}},"154":{"start":{"line":331,"column":12},"end":{"line":331,"column":45}},"155":{"start":{"line":333,"column":8},"end":{"line":333,"column":19}},"156":{"start":{"line":335,"column":4},"end":{"line":335,"column":14}}},"fnMap":{"0":{"name":"(anonymous_0)","decl":{"start":{"line":3,"column":16},"end":{"line":3,"column":17}},"loc":{"start":{"line":3,"column":22},"end":{"line":36,"column":1}},"line":3},"1":{"name":"handleAwnsers","decl":{"start":{"line":68,"column":9},"end":{"line":68,"column":22}},"loc":{"start":{"line":68,"column":32},"end":{"line":75,"column":1}},"line":68},"2":{"name":"startApp","decl":{"start":{"line":76,"column":9},"end":{"line":76,"column":17}},"loc":{"start":{"line":76,"column":48},"end":{"line":79,"column":1}},"line":76},"3":{"name":"(anonymous_3)","decl":{"start":{"line":78,"column":53},"end":{"line":78,"column":54}},"loc":{"start":{"line":78,"column":63},"end":{"line":78,"column":82}},"line":78},"4":{"name":"playRovers","decl":{"start":{"line":80,"column":9},"end":{"line":80,"column":19}},"loc":{"start":{"line":80,"column":43},"end":{"line":90,"column":1}},"line":80},"5":{"name":"(anonymous_5)","decl":{"start":{"line":82,"column":19},"end":{"line":82,"column":20}},"loc":{"start":{"line":82,"column":43},"end":{"line":88,"column":5}},"line":82},"6":{"name":"generateRoverSummary","decl":{"start":{"line":91,"column":9},"end":{"line":91,"column":29}},"loc":{"start":{"line":91,"column":50},"end":{"line":93,"column":1}},"line":91},"7":{"name":"deployRover","decl":{"start":{"line":94,"column":9},"end":{"line":94,"column":20}},"loc":{"start":{"line":94,"column":49},"end":{"line":103,"column":1}},"line":94},"8":{"name":"parsePosition","decl":{"start":{"line":104,"column":9},"end":{"line":104,"column":22}},"loc":{"start":{"line":104,"column":41},"end":{"line":111,"column":1}},"line":104},"9":{"name":"runInstructions","decl":{"start":{"line":112,"column":9},"end":{"line":112,"column":24}},"loc":{"start":{"line":112,"column":60},"end":{"line":122,"column":1}},"line":112},"10":{"name":"(anonymous_10)","decl":{"start":{"line":115,"column":13},"end":{"line":115,"column":14}},"loc":{"start":{"line":115,"column":33},"end":{"line":121,"column":5}},"line":115},"11":{"name":"instructRover","decl":{"start":{"line":123,"column":9},"end":{"line":123,"column":22}},"loc":{"start":{"line":123,"column":64},"end":{"line":133,"column":1}},"line":123},"12":{"name":"moveRover","decl":{"start":{"line":134,"column":9},"end":{"line":134,"column":18}},"loc":{"start":{"line":134,"column":47},"end":{"line":152,"column":1}},"line":134},"13":{"name":"updateRoverPosition","decl":{"start":{"line":153,"column":9},"end":{"line":153,"column":28}},"loc":{"start":{"line":153,"column":71},"end":{"line":161,"column":1}},"line":153},"14":{"name":"canMoveToPosition","decl":{"start":{"line":162,"column":9},"end":{"line":162,"column":26}},"loc":{"start":{"line":162,"column":49},"end":{"line":164,"column":1}},"line":162},"15":{"name":"moveRoverIndicator","decl":{"start":{"line":165,"column":9},"end":{"line":165,"column":27}},"loc":{"start":{"line":165,"column":64},"end":{"line":170,"column":1}},"line":165},"16":{"name":"rotateRover","decl":{"start":{"line":171,"column":9},"end":{"line":171,"column":20}},"loc":{"start":{"line":171,"column":62},"end":{"line":215,"column":1}},"line":171},"17":{"name":"rotateRoverIndicator","decl":{"start":{"line":216,"column":9},"end":{"line":216,"column":29}},"loc":{"start":{"line":216,"column":73},"end":{"line":219,"column":1}},"line":216},"18":{"name":"placeRover","decl":{"start":{"line":220,"column":9},"end":{"line":220,"column":19}},"loc":{"start":{"line":220,"column":78},"end":{"line":226,"column":1}},"line":220},"19":{"name":"getRoverIndicator","decl":{"start":{"line":227,"column":9},"end":{"line":227,"column":26}},"loc":{"start":{"line":227,"column":45},"end":{"line":243,"column":1}},"line":227},"20":{"name":"validateRoverPosition","decl":{"start":{"line":244,"column":9},"end":{"line":244,"column":30}},"loc":{"start":{"line":244,"column":73},"end":{"line":249,"column":1}},"line":244},"21":{"name":"validateRoverInstructions","decl":{"start":{"line":250,"column":9},"end":{"line":250,"column":34}},"loc":{"start":{"line":250,"column":67},"end":{"line":255,"column":1}},"line":250},"22":{"name":"(anonymous_22)","decl":{"start":{"line":252,"column":17},"end":{"line":252,"column":18}},"loc":{"start":{"line":252,"column":32},"end":{"line":254,"column":5}},"line":252},"23":{"name":"validateXCoordinate","decl":{"start":{"line":256,"column":9},"end":{"line":256,"column":28}},"loc":{"start":{"line":256,"column":63},"end":{"line":262,"column":1}},"line":256},"24":{"name":"validateYCoordinate","decl":{"start":{"line":263,"column":9},"end":{"line":263,"column":28}},"loc":{"start":{"line":263,"column":63},"end":{"line":269,"column":1}},"line":263},"25":{"name":"validateDirection","decl":{"start":{"line":270,"column":9},"end":{"line":270,"column":26}},"loc":{"start":{"line":270,"column":51},"end":{"line":281,"column":1}},"line":270},"26":{"name":"validateInstruction","decl":{"start":{"line":282,"column":9},"end":{"line":282,"column":28}},"loc":{"start":{"line":282,"column":55},"end":{"line":292,"column":1}},"line":282},"27":{"name":"createMatrix","decl":{"start":{"line":293,"column":9},"end":{"line":293,"column":21}},"loc":{"start":{"line":293,"column":34},"end":{"line":311,"column":1}},"line":293},"28":{"name":"initializeMatrix","decl":{"start":{"line":312,"column":9},"end":{"line":312,"column":25}},"loc":{"start":{"line":312,"column":51},"end":{"line":320,"column":1}},"line":312},"29":{"name":"printMatrix","decl":{"start":{"line":321,"column":9},"end":{"line":321,"column":20}},"loc":{"start":{"line":321,"column":29},"end":{"line":323,"column":1}},"line":321},"30":{"name":"generateMatrixString","decl":{"start":{"line":324,"column":9},"end":{"line":324,"column":29}},"loc":{"start":{"line":324,"column":38},"end":{"line":336,"column":1}},"line":324}},"branchMap":{"0":{"loc":{"start":{"line":116,"column":8},"end":{"line":116,"column":162}},"type":"if","locations":[{"start":{"line":116,"column":8},"end":{"line":116,"column":162}},{"start":{},"end":{}}],"line":116},"1":{"loc":{"start":{"line":117,"column":8},"end":{"line":117,"column":38}},"type":"if","locations":[{"start":{"line":117,"column":8},"end":{"line":117,"column":38}},{"start":{},"end":{}}],"line":117},"2":{"loc":{"start":{"line":119,"column":8},"end":{"line":119,"column":42}},"type":"if","locations":[{"start":{"line":119,"column":8},"end":{"line":119,"column":42}},{"start":{},"end":{}}],"line":119},"3":{"loc":{"start":{"line":120,"column":8},"end":{"line":120,"column":38}},"type":"if","locations":[{"start":{"line":120,"column":8},"end":{"line":120,"column":38}},{"start":{},"end":{}}],"line":120},"4":{"loc":{"start":{"line":124,"column":4},"end":{"line":132,"column":5}},"type":"switch","locations":[{"start":{"line":125,"column":8},"end":{"line":125,"column":17}},{"start":{"line":126,"column":8},"end":{"line":128,"column":18}},{"start":{"line":129,"column":8},"end":{"line":131,"column":18}}],"line":124},"5":{"loc":{"start":{"line":137,"column":4},"end":{"line":150,"column":5}},"type":"switch","locations":[{"start":{"line":138,"column":8},"end":{"line":140,"column":18}},{"start":{"line":141,"column":8},"end":{"line":143,"column":18}},{"start":{"line":144,"column":8},"end":{"line":146,"column":18}},{"start":{"line":147,"column":8},"end":{"line":149,"column":18}}],"line":137},"6":{"loc":{"start":{"line":154,"column":4},"end":{"line":160,"column":5}},"type":"if","locations":[{"start":{"line":154,"column":4},"end":{"line":160,"column":5}},{"start":{"line":158,"column":11},"end":{"line":160,"column":5}}],"line":154},"7":{"loc":{"start":{"line":163,"column":12},"end":{"line":163,"column":108}},"type":"binary-expr","locations":[{"start":{"line":163,"column":12},"end":{"line":163,"column":39}},{"start":{"line":163,"column":43},"end":{"line":163,"column":77}},{"start":{"line":163,"column":81},"end":{"line":163,"column":108}}],"line":163},"8":{"loc":{"start":{"line":166,"column":4},"end":{"line":169,"column":5}},"type":"if","locations":[{"start":{"line":166,"column":4},"end":{"line":169,"column":5}},{"start":{},"end":{}}],"line":166},"9":{"loc":{"start":{"line":172,"column":4},"end":{"line":213,"column":5}},"type":"switch","locations":[{"start":{"line":173,"column":8},"end":{"line":182,"column":18}},{"start":{"line":183,"column":8},"end":{"line":192,"column":18}},{"start":{"line":193,"column":8},"end":{"line":202,"column":18}},{"start":{"line":203,"column":8},"end":{"line":212,"column":18}}],"line":172},"10":{"loc":{"start":{"line":174,"column":12},"end":{"line":181,"column":13}},"type":"switch","locations":[{"start":{"line":175,"column":16},"end":{"line":177,"column":26}},{"start":{"line":178,"column":16},"end":{"line":180,"column":26}}],"line":174},"11":{"loc":{"start":{"line":184,"column":12},"end":{"line":191,"column":13}},"type":"switch","locations":[{"start":{"line":185,"column":16},"end":{"line":187,"column":26}},{"start":{"line":188,"column":16},"end":{"line":190,"column":26}}],"line":184},"12":{"loc":{"start":{"line":194,"column":12},"end":{"line":201,"column":13}},"type":"switch","locations":[{"start":{"line":195,"column":16},"end":{"line":197,"column":26}},{"start":{"line":198,"column":16},"end":{"line":200,"column":26}}],"line":194},"13":{"loc":{"start":{"line":204,"column":12},"end":{"line":211,"column":13}},"type":"switch","locations":[{"start":{"line":205,"column":16},"end":{"line":207,"column":26}},{"start":{"line":208,"column":16},"end":{"line":210,"column":26}}],"line":204},"14":{"loc":{"start":{"line":221,"column":4},"end":{"line":225,"column":5}},"type":"if","locations":[{"start":{"line":221,"column":4},"end":{"line":225,"column":5}},{"start":{"line":223,"column":11},"end":{"line":225,"column":5}}],"line":221},"15":{"loc":{"start":{"line":228,"column":4},"end":{"line":241,"column":5}},"type":"switch","locations":[{"start":{"line":229,"column":8},"end":{"line":231,"column":18}},{"start":{"line":232,"column":8},"end":{"line":234,"column":18}},{"start":{"line":235,"column":8},"end":{"line":237,"column":18}},{"start":{"line":238,"column":8},"end":{"line":240,"column":18}}],"line":228},"16":{"loc":{"start":{"line":258,"column":4},"end":{"line":260,"column":5}},"type":"if","locations":[{"start":{"line":258,"column":4},"end":{"line":260,"column":5}},{"start":{},"end":{}}],"line":258},"17":{"loc":{"start":{"line":258,"column":8},"end":{"line":258,"column":53}},"type":"binary-expr","locations":[{"start":{"line":258,"column":8},"end":{"line":258,"column":26}},{"start":{"line":258,"column":30},"end":{"line":258,"column":53}}],"line":258},"18":{"loc":{"start":{"line":265,"column":4},"end":{"line":267,"column":5}},"type":"if","locations":[{"start":{"line":265,"column":4},"end":{"line":267,"column":5}},{"start":{},"end":{}}],"line":265},"19":{"loc":{"start":{"line":265,"column":8},"end":{"line":265,"column":53}},"type":"binary-expr","locations":[{"start":{"line":265,"column":8},"end":{"line":265,"column":26}},{"start":{"line":265,"column":30},"end":{"line":265,"column":53}}],"line":265},"20":{"loc":{"start":{"line":271,"column":4},"end":{"line":279,"column":5}},"type":"switch","locations":[{"start":{"line":272,"column":8},"end":{"line":272,"column":17}},{"start":{"line":273,"column":8},"end":{"line":273,"column":17}},{"start":{"line":274,"column":8},"end":{"line":274,"column":17}},{"start":{"line":275,"column":8},"end":{"line":276,"column":18}},{"start":{"line":277,"column":8},"end":{"line":278,"column":95}}],"line":271},"21":{"loc":{"start":{"line":283,"column":4},"end":{"line":290,"column":5}},"type":"switch","locations":[{"start":{"line":284,"column":8},"end":{"line":284,"column":17}},{"start":{"line":285,"column":8},"end":{"line":285,"column":17}},{"start":{"line":286,"column":8},"end":{"line":287,"column":18}},{"start":{"line":288,"column":8},"end":{"line":289,"column":99}}],"line":283},"22":{"loc":{"start":{"line":294,"column":4},"end":{"line":309,"column":5}},"type":"switch","locations":[{"start":{"line":295,"column":8},"end":{"line":297,"column":18}},{"start":{"line":298,"column":8},"end":{"line":300,"column":18}},{"start":{"line":301,"column":8},"end":{"line":303,"column":18}},{"start":{"line":304,"column":8},"end":{"line":306,"column":18}},{"start":{"line":307,"column":8},"end":{"line":308,"column":65}}],"line":294}},"s":{"0":3,"1":1,"2":3,"3":2,"4":2,"5":1,"6":1,"7":3,"8":6,"9":5,"10":5,"11":9,"12":8,"13":8,"14":8,"15":8,"16":4,"17":9,"18":9,"19":9,"20":9,"21":23,"22":23,"23":9,"24":85,"25":19,"26":85,"27":19,"28":85,"29":85,"30":19,"31":85,"32":19,"33":86,"34":41,"35":41,"36":45,"37":45,"38":46,"39":46,"40":46,"41":14,"42":14,"43":9,"44":9,"45":14,"46":14,"47":9,"48":9,"49":46,"50":48,"51":47,"52":47,"53":47,"54":1,"55":110,"56":49,"57":47,"58":47,"59":43,"60":11,"61":7,"62":7,"63":4,"64":4,"65":11,"66":9,"67":5,"68":5,"69":4,"70":4,"71":9,"72":10,"73":5,"74":5,"75":5,"76":5,"77":10,"78":13,"79":5,"80":5,"81":8,"82":8,"83":13,"84":43,"85":56,"86":56,"87":11,"88":9,"89":2,"90":113,"91":34,"92":34,"93":25,"94":25,"95":25,"96":25,"97":29,"98":29,"99":113,"100":11,"101":11,"102":11,"103":9,"104":10,"105":10,"106":86,"107":13,"108":13,"109":1,"110":12,"111":13,"112":13,"113":3,"114":10,"115":11,"116":10,"117":1,"118":10,"119":88,"120":86,"121":2,"122":86,"123":15,"124":10,"125":10,"126":1,"127":1,"128":1,"129":1,"130":1,"131":1,"132":2,"133":13,"134":14,"135":14,"136":14,"137":87,"138":87,"139":87,"140":87,"141":630,"142":14,"143":39,"144":40,"145":40,"146":40,"147":240,"148":40,"149":40,"150":40,"151":240,"152":240,"153":240,"154":1440,"155":240,"156":40},"f":{"0":1,"1":2,"2":3,"3":6,"4":5,"5":9,"6":9,"7":9,"8":23,"9":9,"10":85,"11":86,"12":46,"13":48,"14":110,"15":49,"16":43,"17":56,"18":11,"19":113,"20":11,"21":10,"22":86,"23":13,"24":13,"25":11,"26":88,"27":15,"28":14,"29":39,"30":40},"b":{"0":[19,66],"1":[19,66],"2":[19,66],"3":[19,66],"4":[20,41,45],"5":[14,9,14,9],"6":[47,1],"7":[110,107,106],"8":[47,2],"9":[11,9,10,13],"10":[7,4],"11":[5,4],"12":[5,5],"13":[5,8],"14":[9,2],"15":[34,25,25,29],"16":[1,12],"17":[13,13],"18":[3,10],"19":[13,11],"20":[6,6,6,10,1],"21":[21,41,86,2],"22":[10,1,1,1,2]},"inputSourceMap":null,"_coverageSchema":"1a1c01bbd47fc00a2c39e90264f33305004495a9","hash":"a6bb4a1e2f045a6824ff1156ad955389311c5e93"}
}
