TN:
SF:app.js
FN:3,(anonymous_0)
FN:53,handleAwnsers
FN:61,startApp
FN:63,(anonymous_3)
FN:65,playRovers
FN:67,(anonymous_5)
FN:76,parsePosition
FN:84,validateRoverPosition
FN:90,validateRoverInstructions
FN:92,(anonymous_9)
FN:96,validateDirection
FN:108,validateInstruction
FNF:12
FNH:12
FNDA:1,(anonymous_0)
FNDA:2,handleAwnsers
FNDA:3,startApp
FNDA:6,(anonymous_3)
FNDA:5,playRovers
FNDA:9,(anonymous_5)
FNDA:23,parsePosition
FNDA:11,validateRoverPosition
FNDA:10,validateRoverInstructions
FNDA:86,(anonymous_9)
FNDA:11,validateDirection
FNDA:88,validateInstruction
DA:3,2
DA:4,1
DA:38,2
DA:50,2
DA:51,2
DA:54,2
DA:55,2
DA:56,1
DA:58,1
DA:63,6
DA:66,5
DA:67,5
DA:68,9
DA:69,8
DA:70,8
DA:71,8
DA:72,8
DA:74,4
DA:77,23
DA:78,23
DA:85,11
DA:86,11
DA:87,11
DA:88,9
DA:91,10
DA:92,10
DA:93,86
DA:97,11
DA:102,10
DA:104,1
DA:106,10
DA:109,88
DA:113,86
DA:115,2
DA:117,86
LF:35
LH:35
BRDA:97,0,0,6
BRDA:97,0,1,6
BRDA:97,0,2,6
BRDA:97,0,3,10
BRDA:97,0,4,1
BRDA:109,1,0,21
BRDA:109,1,1,41
BRDA:109,1,2,86
BRDA:109,1,3,2
BRF:9
BRH:9
end_of_record
TN:
SF:matrix.js
FN:13,canMoveToPosition
FN:16,validateXCoordinate
FN:23,validateYCoordinate
FN:30,createMatrix
FN:52,initializeMatrix
FN:61,printMatrix
FN:64,generateMatrixString
FNF:7
FNH:7
FNDA:110,canMoveToPosition
FNDA:13,validateXCoordinate
FNDA:13,validateYCoordinate
FNDA:16,createMatrix
FNDA:15,initializeMatrix
FNDA:39,printMatrix
FNDA:40,generateMatrixString
DA:3,3
DA:14,110
DA:17,13
DA:18,13
DA:19,1
DA:21,12
DA:24,13
DA:25,13
DA:26,3
DA:28,10
DA:31,16
DA:33,1
DA:34,1
DA:36,10
DA:37,10
DA:39,1
DA:40,1
DA:42,1
DA:43,1
DA:45,1
DA:46,1
DA:48,2
DA:50,14
DA:53,15
DA:54,15
DA:55,90
DA:56,90
DA:57,648
DA:59,15
DA:62,39
DA:65,40
DA:66,240
DA:67,40
DA:68,40
DA:69,240
DA:70,240
DA:71,1440
DA:73,240
DA:75,40
LF:39
LH:39
BRDA:14,0,0,110
BRDA:14,0,1,107
BRDA:14,0,2,106
BRDA:18,1,0,1
BRDA:18,1,1,12
BRDA:18,2,0,13
BRDA:18,2,1,13
BRDA:25,3,0,3
BRDA:25,3,1,10
BRDA:25,4,0,13
BRDA:25,4,1,11
BRDA:31,5,0,1
BRDA:31,5,1,10
BRDA:31,5,2,1
BRDA:31,5,3,1
BRDA:31,5,4,1
BRDA:31,5,5,2
BRF:17
BRH:17
end_of_record
TN:
SF:rover.js
FN:20,generateRoverSummary
FN:23,deployRover
FN:33,runInstructions
FN:36,(anonymous_3)
FN:44,instructRover
FN:55,moveRover
FN:74,updateRoverPosition
FN:83,moveRoverIndicator
FN:89,rotateRover
FN:134,rotateRoverIndicator
FN:138,placeRover
FN:145,getRoverIndicator
FNF:12
FNH:12
FNDA:9,generateRoverSummary
FNDA:9,deployRover
FNDA:9,runInstructions
FNDA:85,(anonymous_3)
FNDA:86,instructRover
FNDA:46,moveRover
FNDA:48,updateRoverPosition
FNDA:49,moveRoverIndicator
FNDA:43,rotateRover
FNDA:56,rotateRoverIndicator
FNDA:11,placeRover
FNDA:113,getRoverIndicator
DA:3,2
DA:17,2
DA:18,2
DA:21,9
DA:24,9
DA:25,9
DA:26,9
DA:34,9
DA:37,85
DA:38,85
DA:39,85
DA:40,85
DA:41,85
DA:45,86
DA:48,41
DA:49,41
DA:51,45
DA:52,45
DA:56,46
DA:57,46
DA:58,46
DA:60,14
DA:61,14
DA:63,9
DA:64,9
DA:66,14
DA:67,14
DA:69,9
DA:70,9
DA:72,46
DA:75,48
DA:76,47
DA:77,47
DA:78,47
DA:80,1
DA:84,49
DA:85,47
DA:86,47
DA:90,43
DA:92,11
DA:94,7
DA:95,7
DA:97,4
DA:98,4
DA:100,11
DA:102,9
DA:104,5
DA:105,5
DA:107,4
DA:108,4
DA:110,9
DA:112,10
DA:114,5
DA:115,5
DA:117,5
DA:118,5
DA:120,10
DA:122,13
DA:124,5
DA:125,5
DA:127,8
DA:128,8
DA:130,13
DA:132,43
DA:135,56
DA:136,56
DA:139,11
DA:140,9
DA:142,2
DA:146,113
DA:148,34
DA:149,34
DA:151,25
DA:152,25
DA:154,25
DA:155,25
DA:157,29
DA:158,29
DA:160,113
LF:79
LH:79
BRDA:37,0,0,19
BRDA:37,0,1,66
BRDA:38,1,0,19
BRDA:38,1,1,66
BRDA:40,2,0,19
BRDA:40,2,1,66
BRDA:41,3,0,19
BRDA:41,3,1,66
BRDA:45,4,0,20
BRDA:45,4,1,41
BRDA:45,4,2,45
BRDA:58,5,0,14
BRDA:58,5,1,9
BRDA:58,5,2,14
BRDA:58,5,3,9
BRDA:75,6,0,47
BRDA:75,6,1,1
BRDA:84,7,0,47
BRDA:84,7,1,2
BRDA:90,8,0,11
BRDA:90,8,1,9
BRDA:90,8,2,10
BRDA:90,8,3,13
BRDA:92,9,0,7
BRDA:92,9,1,4
BRDA:102,10,0,5
BRDA:102,10,1,4
BRDA:112,11,0,5
BRDA:112,11,1,5
BRDA:122,12,0,5
BRDA:122,12,1,8
BRDA:139,13,0,9
BRDA:139,13,1,2
BRDA:146,14,0,34
BRDA:146,14,1,25
BRDA:146,14,2,25
BRDA:146,14,3,29
BRF:37
BRH:37
end_of_record
