TN:
SF:app.js
FN:3,(anonymous_0)
FN:68,handleAwnsers
FN:76,startApp
FN:78,(anonymous_3)
FN:80,playRovers
FN:82,(anonymous_5)
FN:91,generateRoverSummary
FN:94,deployRover
FN:104,parsePosition
FN:112,runInstructions
FN:115,(anonymous_10)
FN:123,instructRover
FN:134,moveRover
FN:153,updateRoverPosition
FN:162,canMoveToPosition
FN:165,moveRoverIndicator
FN:171,rotateRover
FN:216,rotateRoverIndicator
FN:220,placeRover
FN:227,getRoverIndicator
FN:244,validateRoverPosition
FN:250,validateRoverInstructions
FN:252,(anonymous_22)
FN:256,validateXCoordinate
FN:263,validateYCoordinate
FN:270,validateDirection
FN:282,validateInstruction
FN:293,createMatrix
FN:312,initializeMatrix
FN:321,printMatrix
FN:324,generateMatrixString
FNF:31
FNH:31
FNDA:1,(anonymous_0)
FNDA:2,handleAwnsers
FNDA:3,startApp
FNDA:6,(anonymous_3)
FNDA:5,playRovers
FNDA:9,(anonymous_5)
FNDA:9,generateRoverSummary
FNDA:9,deployRover
FNDA:23,parsePosition
FNDA:9,runInstructions
FNDA:85,(anonymous_10)
FNDA:86,instructRover
FNDA:46,moveRover
FNDA:48,updateRoverPosition
FNDA:110,canMoveToPosition
FNDA:49,moveRoverIndicator
FNDA:43,rotateRover
FNDA:56,rotateRoverIndicator
FNDA:11,placeRover
FNDA:113,getRoverIndicator
FNDA:11,validateRoverPosition
FNDA:10,validateRoverInstructions
FNDA:86,(anonymous_22)
FNDA:13,validateXCoordinate
FNDA:13,validateYCoordinate
FNDA:11,validateDirection
FNDA:88,validateInstruction
FNDA:15,createMatrix
FNDA:14,initializeMatrix
FNDA:39,printMatrix
FNDA:40,generateMatrixString
DA:3,3
DA:4,1
DA:38,3
DA:69,2
DA:70,2
DA:71,1
DA:73,1
DA:78,6
DA:81,5
DA:82,5
DA:83,9
DA:84,8
DA:85,8
DA:86,8
DA:87,8
DA:89,4
DA:92,9
DA:95,9
DA:96,9
DA:97,9
DA:105,23
DA:106,23
DA:113,9
DA:116,85
DA:117,85
DA:118,85
DA:119,85
DA:120,85
DA:124,86
DA:127,41
DA:128,41
DA:130,45
DA:131,45
DA:135,46
DA:136,46
DA:137,46
DA:139,14
DA:140,14
DA:142,9
DA:143,9
DA:145,14
DA:146,14
DA:148,9
DA:149,9
DA:151,46
DA:154,48
DA:155,47
DA:156,47
DA:157,47
DA:159,1
DA:163,110
DA:166,49
DA:167,47
DA:168,47
DA:172,43
DA:174,11
DA:176,7
DA:177,7
DA:179,4
DA:180,4
DA:182,11
DA:184,9
DA:186,5
DA:187,5
DA:189,4
DA:190,4
DA:192,9
DA:194,10
DA:196,5
DA:197,5
DA:199,5
DA:200,5
DA:202,10
DA:204,13
DA:206,5
DA:207,5
DA:209,8
DA:210,8
DA:212,13
DA:214,43
DA:217,56
DA:218,56
DA:221,11
DA:222,9
DA:224,2
DA:228,113
DA:230,34
DA:231,34
DA:233,25
DA:234,25
DA:236,25
DA:237,25
DA:239,29
DA:240,29
DA:242,113
DA:245,11
DA:246,11
DA:247,11
DA:248,9
DA:251,10
DA:252,10
DA:253,86
DA:257,13
DA:258,13
DA:259,1
DA:261,12
DA:264,13
DA:265,13
DA:266,3
DA:268,10
DA:271,11
DA:276,10
DA:278,1
DA:280,10
DA:283,88
DA:287,86
DA:289,2
DA:291,86
DA:294,15
DA:296,10
DA:297,10
DA:299,1
DA:300,1
DA:302,1
DA:303,1
DA:305,1
DA:306,1
DA:308,2
DA:310,13
DA:313,14
DA:314,14
DA:315,87
DA:316,87
DA:317,630
DA:319,14
DA:322,39
DA:325,40
DA:326,240
DA:327,40
DA:328,40
DA:329,240
DA:330,240
DA:331,1440
DA:333,240
DA:335,40
LF:145
LH:145
BRDA:116,0,0,19
BRDA:116,0,1,66
BRDA:117,1,0,19
BRDA:117,1,1,66
BRDA:119,2,0,19
BRDA:119,2,1,66
BRDA:120,3,0,19
BRDA:120,3,1,66
BRDA:124,4,0,20
BRDA:124,4,1,41
BRDA:124,4,2,45
BRDA:137,5,0,14
BRDA:137,5,1,9
BRDA:137,5,2,14
BRDA:137,5,3,9
BRDA:154,6,0,47
BRDA:154,6,1,1
BRDA:163,7,0,110
BRDA:163,7,1,107
BRDA:163,7,2,106
BRDA:166,8,0,47
BRDA:166,8,1,2
BRDA:172,9,0,11
BRDA:172,9,1,9
BRDA:172,9,2,10
BRDA:172,9,3,13
BRDA:174,10,0,7
BRDA:174,10,1,4
BRDA:184,11,0,5
BRDA:184,11,1,4
BRDA:194,12,0,5
BRDA:194,12,1,5
BRDA:204,13,0,5
BRDA:204,13,1,8
BRDA:221,14,0,9
BRDA:221,14,1,2
BRDA:228,15,0,34
BRDA:228,15,1,25
BRDA:228,15,2,25
BRDA:228,15,3,29
BRDA:258,16,0,1
BRDA:258,16,1,12
BRDA:258,17,0,13
BRDA:258,17,1,13
BRDA:265,18,0,3
BRDA:265,18,1,10
BRDA:265,19,0,13
BRDA:265,19,1,11
BRDA:271,20,0,6
BRDA:271,20,1,6
BRDA:271,20,2,6
BRDA:271,20,3,10
BRDA:271,20,4,1
BRDA:283,21,0,21
BRDA:283,21,1,41
BRDA:283,21,2,86
BRDA:283,21,3,2
BRDA:294,22,0,10
BRDA:294,22,1,1
BRDA:294,22,2,1
BRDA:294,22,3,1
BRDA:294,22,4,2
BRF:62
BRH:62
end_of_record
